<?xml version="1.0" encoding="UTF-8"?>
<!-- Generated by org.testng.reporters.JUnitReportReporter -->
<testsuite hostname="DESKTOP-O1LIDUB" failures="0" tests="1" name="testcases.TC_001" time="13.070" errors="0" timestamp="2020-08-27T15:56:22 IST" skipped="0">
  <testcase classname="testcases.TC_001" name="tc_1" time="13.070"/>
  <system-out/>
</testsuite> <!-- testcases.TC_001 -->
